<?xml version="1.0" encoding="UTF-8"?>
<!-- Generated by org.testng.reporters.JUnitReportReporter -->
<testsuite skipped="0" hostname="IMPETUS-I0137" name="test.NewTest" tests="1" failures="0" timestamp="12 Sep 2020 13:59:41 GMT" time="10.375" errors="0">
  <testcase name="openBrowser" time="10.375" classname="test.NewTest"/>
</testsuite> <!-- test.NewTest -->
