<?xml version="1.0" encoding="UTF-8"?>
<!-- Generated by org.testng.reporters.JUnitReportReporter -->
<testsuite skipped="0" hostname="IMPETUS-I0137" name="test.NewTest1" tests="1" failures="0" timestamp="12 Sep 2020 13:59:41 GMT" time="7.453" errors="0">
  <testcase name="openFB" time="7.453" classname="test.NewTest1"/>
</testsuite> <!-- test.NewTest1 -->
